Performance Statistics   2019-11-08 18:57:00 - 2019-11-08 18:58:00
Tag                                                  Avg(ms)         Min         Max     Std Dev       Count

Performance Statistics   2019-11-08 18:58:00 - 2019-11-08 18:59:00
Tag                                                  Avg(ms)         Min         Max     Std Dev       Count
AUTHENTICATE                                            10,0          10          10         0,0           1
CREATE_TICKET_GRANTING_TICKET                           17,0          17          17         0,0           1

Performance Statistics   2019-11-08 19:53:00 - 2019-11-08 19:54:00
Tag                                                  Avg(ms)         Min         Max     Std Dev       Count
AUTHENTICATE                                            10,0          10          10         0,0           1
CREATE_TICKET_GRANTING_TICKET                           17,0          17          17         0,0           1
GRANT_SERVICE_TICKET                                     2,0           2           2         0,0           1
VALIDATE_SERVICE_TICKET                                  8,0           8           8         0,0           1

Performance Statistics   2019-11-08 19:54:00 - 2019-11-08 19:55:00
Tag                                                  Avg(ms)         Min         Max     Std Dev       Count

Performance Statistics   2019-11-08 19:55:00 - 2019-11-08 19:56:00
Tag                                                  Avg(ms)         Min         Max     Std Dev       Count

Performance Statistics   2019-11-08 19:56:00 - 2019-11-08 19:57:00
Tag                                                  Avg(ms)         Min         Max     Std Dev       Count

Performance Statistics   2019-11-08 19:57:00 - 2019-11-08 19:58:00
Tag                                                  Avg(ms)         Min         Max     Std Dev       Count

Performance Statistics   2019-11-08 19:58:00 - 2019-11-08 19:59:00
Tag                                                  Avg(ms)         Min         Max     Std Dev       Count

Performance Statistics   2019-11-08 20:01:00 - 2019-11-08 20:02:00
Tag                                                  Avg(ms)         Min         Max     Std Dev       Count
AUTHENTICATE                                             7,5           1          14         6,5           2
CREATE_TICKET_GRANTING_TICKET                           11,0           1          21        10,0           2
GRANT_SERVICE_TICKET                                     1,0           0           2         1,0           2
VALIDATE_SERVICE_TICKET                                  4,5           0           9         4,5           2

Performance Statistics   2019-11-08 20:02:00 - 2019-11-08 20:03:00
Tag                                                  Avg(ms)         Min         Max     Std Dev       Count

Performance Statistics   2019-11-08 20:03:00 - 2019-11-08 20:04:00
Tag                                                  Avg(ms)         Min         Max     Std Dev       Count

Performance Statistics   2019-11-08 20:04:00 - 2019-11-08 20:05:00
Tag                                                  Avg(ms)         Min         Max     Std Dev       Count

Performance Statistics   2019-11-08 20:05:00 - 2019-11-08 20:06:00
Tag                                                  Avg(ms)         Min         Max     Std Dev       Count

Performance Statistics   2019-11-08 20:06:00 - 2019-11-08 20:07:00
Tag                                                  Avg(ms)         Min         Max     Std Dev       Count

Performance Statistics   2019-11-08 20:07:00 - 2019-11-08 20:08:00
Tag                                                  Avg(ms)         Min         Max     Std Dev       Count

Performance Statistics   2019-11-08 20:08:00 - 2019-11-08 20:09:00
Tag                                                  Avg(ms)         Min         Max     Std Dev       Count

Performance Statistics   2019-11-08 20:09:00 - 2019-11-08 20:10:00
Tag                                                  Avg(ms)         Min         Max     Std Dev       Count

Performance Statistics   2019-11-08 20:10:00 - 2019-11-08 20:11:00
Tag                                                  Avg(ms)         Min         Max     Std Dev       Count

Performance Statistics   2019-11-08 20:11:00 - 2019-11-08 20:12:00
Tag                                                  Avg(ms)         Min         Max     Std Dev       Count

Performance Statistics   2019-11-08 20:12:00 - 2019-11-08 20:13:00
Tag                                                  Avg(ms)         Min         Max     Std Dev       Count

Performance Statistics   2019-11-08 20:13:00 - 2019-11-08 20:14:00
Tag                                                  Avg(ms)         Min         Max     Std Dev       Count

Performance Statistics   2019-11-08 20:14:00 - 2019-11-08 20:15:00
Tag                                                  Avg(ms)         Min         Max     Std Dev       Count

Performance Statistics   2019-11-08 20:15:00 - 2019-11-08 20:16:00
Tag                                                  Avg(ms)         Min         Max     Std Dev       Count

Performance Statistics   2019-11-08 20:16:00 - 2019-11-08 20:17:00
Tag                                                  Avg(ms)         Min         Max     Std Dev       Count

Performance Statistics   2019-11-08 20:17:00 - 2019-11-08 20:18:00
Tag                                                  Avg(ms)         Min         Max     Std Dev       Count

Performance Statistics   2019-11-08 20:18:00 - 2019-11-08 20:19:00
Tag                                                  Avg(ms)         Min         Max     Std Dev       Count

Performance Statistics   2019-11-08 20:19:00 - 2019-11-08 20:20:00
Tag                                                  Avg(ms)         Min         Max     Std Dev       Count

Performance Statistics   2019-11-08 20:20:00 - 2019-11-08 20:21:00
Tag                                                  Avg(ms)         Min         Max     Std Dev       Count

Performance Statistics   2019-11-08 20:21:00 - 2019-11-08 20:22:00
Tag                                                  Avg(ms)         Min         Max     Std Dev       Count

Performance Statistics   2019-11-08 20:22:00 - 2019-11-08 20:23:00
Tag                                                  Avg(ms)         Min         Max     Std Dev       Count

Performance Statistics   2019-11-08 20:23:00 - 2019-11-08 20:24:00
Tag                                                  Avg(ms)         Min         Max     Std Dev       Count

Performance Statistics   2019-11-08 20:24:00 - 2019-11-08 20:25:00
Tag                                                  Avg(ms)         Min         Max     Std Dev       Count

Performance Statistics   2019-11-08 20:25:00 - 2019-11-08 20:26:00
Tag                                                  Avg(ms)         Min         Max     Std Dev       Count

Performance Statistics   2019-11-08 20:26:00 - 2019-11-08 20:27:00
Tag                                                  Avg(ms)         Min         Max     Std Dev       Count

Performance Statistics   2019-11-08 20:27:00 - 2019-11-08 20:28:00
Tag                                                  Avg(ms)         Min         Max     Std Dev       Count

Performance Statistics   2019-11-08 20:28:00 - 2019-11-08 20:29:00
Tag                                                  Avg(ms)         Min         Max     Std Dev       Count

Performance Statistics   2019-11-08 21:25:00 - 2019-11-08 21:26:00
Tag                                                  Avg(ms)         Min         Max     Std Dev       Count

Performance Statistics   2019-11-08 21:26:00 - 2019-11-08 21:27:00
Tag                                                  Avg(ms)         Min         Max     Std Dev       Count

Performance Statistics   2019-11-08 21:27:00 - 2019-11-08 21:28:00
Tag                                                  Avg(ms)         Min         Max     Std Dev       Count

Performance Statistics   2019-11-08 21:28:00 - 2019-11-08 21:29:00
Tag                                                  Avg(ms)         Min         Max     Std Dev       Count

Performance Statistics   2019-11-08 21:32:00 - 2019-11-08 21:33:00
Tag                                                  Avg(ms)         Min         Max     Std Dev       Count

Performance Statistics   2019-11-08 21:33:00 - 2019-11-08 21:34:00
Tag                                                  Avg(ms)         Min         Max     Std Dev       Count

Performance Statistics   2019-11-08 21:34:00 - 2019-11-08 21:35:00
Tag                                                  Avg(ms)         Min         Max     Std Dev       Count

Performance Statistics   2019-11-08 21:35:00 - 2019-11-08 21:36:00
Tag                                                  Avg(ms)         Min         Max     Std Dev       Count

Performance Statistics   2019-11-08 21:36:00 - 2019-11-08 21:37:00
Tag                                                  Avg(ms)         Min         Max     Std Dev       Count

Performance Statistics   2019-11-08 21:37:00 - 2019-11-08 21:38:00
Tag                                                  Avg(ms)         Min         Max     Std Dev       Count

Performance Statistics   2019-11-08 21:38:00 - 2019-11-08 21:39:00
Tag                                                  Avg(ms)         Min         Max     Std Dev       Count

Performance Statistics   2019-11-08 21:39:00 - 2019-11-08 21:40:00
Tag                                                  Avg(ms)         Min         Max     Std Dev       Count

Performance Statistics   2019-11-08 21:40:00 - 2019-11-08 21:41:00
Tag                                                  Avg(ms)         Min         Max     Std Dev       Count
AUTHENTICATE                                            11,0          11          11         0,0           1
CREATE_TICKET_GRANTING_TICKET                           21,0          21          21         0,0           1
GRANT_SERVICE_TICKET                                     3,0           3           3         0,0           1
VALIDATE_SERVICE_TICKET                                 11,0          11          11         0,0           1

Performance Statistics   2019-11-08 21:41:00 - 2019-11-08 21:42:00
Tag                                                  Avg(ms)         Min         Max     Std Dev       Count
AUTHENTICATE                                             0,0           0           0         0,0           1
CREATE_TICKET_GRANTING_TICKET                            1,0           1           1         0,0           1
GRANT_SERVICE_TICKET                                     0,0           0           0         0,0           1
VALIDATE_SERVICE_TICKET                                  0,0           0           0         0,0           1

Performance Statistics   2019-11-08 21:42:00 - 2019-11-08 21:43:00
Tag                                                  Avg(ms)         Min         Max     Std Dev       Count

Performance Statistics   2019-11-08 21:43:00 - 2019-11-08 21:44:00
Tag                                                  Avg(ms)         Min         Max     Std Dev       Count

Performance Statistics   2019-11-08 21:44:00 - 2019-11-08 21:45:00
Tag                                                  Avg(ms)         Min         Max     Std Dev       Count

Performance Statistics   2019-11-08 21:45:00 - 2019-11-08 21:46:00
Tag                                                  Avg(ms)         Min         Max     Std Dev       Count

Performance Statistics   2019-11-08 21:46:00 - 2019-11-08 21:47:00
Tag                                                  Avg(ms)         Min         Max     Std Dev       Count

Performance Statistics   2019-11-08 21:47:00 - 2019-11-08 21:48:00
Tag                                                  Avg(ms)         Min         Max     Std Dev       Count

Performance Statistics   2019-11-08 21:48:00 - 2019-11-08 21:49:00
Tag                                                  Avg(ms)         Min         Max     Std Dev       Count

Performance Statistics   2019-11-08 21:49:00 - 2019-11-08 21:50:00
Tag                                                  Avg(ms)         Min         Max     Std Dev       Count

Performance Statistics   2019-11-08 21:50:00 - 2019-11-08 21:51:00
Tag                                                  Avg(ms)         Min         Max     Std Dev       Count

Performance Statistics   2019-11-08 21:51:00 - 2019-11-08 21:52:00
Tag                                                  Avg(ms)         Min         Max     Std Dev       Count

Performance Statistics   2019-11-08 21:52:00 - 2019-11-08 21:53:00
Tag                                                  Avg(ms)         Min         Max     Std Dev       Count

Performance Statistics   2019-11-08 21:53:00 - 2019-11-08 21:54:00
Tag                                                  Avg(ms)         Min         Max     Std Dev       Count

Performance Statistics   2019-11-08 21:54:00 - 2019-11-08 21:55:00
Tag                                                  Avg(ms)         Min         Max     Std Dev       Count

Performance Statistics   2019-11-08 21:55:00 - 2019-11-08 21:56:00
Tag                                                  Avg(ms)         Min         Max     Std Dev       Count

Performance Statistics   2019-11-08 21:56:00 - 2019-11-08 21:57:00
Tag                                                  Avg(ms)         Min         Max     Std Dev       Count
AUTHENTICATE                                             0,0           0           0         0,0           1
CREATE_TICKET_GRANTING_TICKET                            1,0           1           1         0,0           1
GRANT_SERVICE_TICKET                                     0,0           0           0         0,0           1
VALIDATE_SERVICE_TICKET                                  0,0           0           0         0,0           1

Performance Statistics   2019-11-08 21:57:00 - 2019-11-08 21:58:00
Tag                                                  Avg(ms)         Min         Max     Std Dev       Count
AUTHENTICATE                                             0,0           0           0         0,0           1
CREATE_TICKET_GRANTING_TICKET                            1,0           1           1         0,0           1
GRANT_SERVICE_TICKET                                     0,0           0           0         0,0           1
VALIDATE_SERVICE_TICKET                                  1,0           1           1         0,0           1

Performance Statistics   2019-11-08 21:58:00 - 2019-11-08 21:59:00
Tag                                                  Avg(ms)         Min         Max     Std Dev       Count

Performance Statistics   2019-11-08 21:59:00 - 2019-11-08 22:00:00
Tag                                                  Avg(ms)         Min         Max     Std Dev       Count
AUTHENTICATE                                             0,0           0           0         0,0           1
CREATE_TICKET_GRANTING_TICKET                            1,0           1           1         0,0           1
GRANT_SERVICE_TICKET                                     0,0           0           0         0,0           1
VALIDATE_SERVICE_TICKET                                  0,0           0           0         0,0           1

Performance Statistics   2019-11-08 22:00:00 - 2019-11-08 22:01:00
Tag                                                  Avg(ms)         Min         Max     Std Dev       Count
AUTHENTICATE                                             1,0           1           1         0,0           1
CREATE_TICKET_GRANTING_TICKET                            1,0           1           1         0,0           1
GRANT_SERVICE_TICKET                                     0,0           0           0         0,0           1
VALIDATE_SERVICE_TICKET                                  0,0           0           0         0,0           1

Performance Statistics   2019-11-08 22:01:00 - 2019-11-08 22:02:00
Tag                                                  Avg(ms)         Min         Max     Std Dev       Count
AUTHENTICATE                                             0,0           0           0         0,0           1
CREATE_TICKET_GRANTING_TICKET                            1,0           1           1         0,0           1
GRANT_SERVICE_TICKET                                     0,0           0           0         0,0           1
VALIDATE_SERVICE_TICKET                                  0,0           0           0         0,0           1

Performance Statistics   2019-11-08 22:02:00 - 2019-11-08 22:03:00
Tag                                                  Avg(ms)         Min         Max     Std Dev       Count
AUTHENTICATE                                             0,0           0           0         0,0           1
CREATE_TICKET_GRANTING_TICKET                            1,0           1           1         0,0           1
GRANT_SERVICE_TICKET                                     0,0           0           0         0,0           1
VALIDATE_SERVICE_TICKET                                  0,0           0           0         0,0           1

Performance Statistics   2019-11-09 12:27:00 - 2019-11-09 12:28:00
Tag                                                  Avg(ms)         Min         Max     Std Dev       Count
AUTHENTICATE                                             9,0           9           9         0,0           1
CREATE_TICKET_GRANTING_TICKET                           15,0          15          15         0,0           1
GRANT_SERVICE_TICKET                                     3,0           3           3         0,0           1
VALIDATE_SERVICE_TICKET                                 10,0          10          10         0,0           1

Performance Statistics   2019-11-09 12:28:00 - 2019-11-09 12:29:00
Tag                                                  Avg(ms)         Min         Max     Std Dev       Count
AUTHENTICATE                                             0,7           0           1         0,5           3
CREATE_TICKET_GRANTING_TICKET                            1,3           1           2         0,5           3
GRANT_SERVICE_TICKET                                     0,0           0           0         0,0           2
VALIDATE_SERVICE_TICKET                                  0,0           0           0         0,0           2

Performance Statistics   2019-11-09 12:29:00 - 2019-11-09 12:30:00
Tag                                                  Avg(ms)         Min         Max     Std Dev       Count
AUTHENTICATE                                             0,5           0           1         0,5           2
CREATE_TICKET_GRANTING_TICKET                            1,0           1           1         0,0           2
GRANT_SERVICE_TICKET                                     0,0           0           0         0,0           2
VALIDATE_SERVICE_TICKET                                  0,0           0           0         0,0           2

Performance Statistics   2019-11-09 12:30:00 - 2019-11-09 12:31:00
Tag                                                  Avg(ms)         Min         Max     Std Dev       Count

Performance Statistics   2019-11-09 12:31:00 - 2019-11-09 12:32:00
Tag                                                  Avg(ms)         Min         Max     Std Dev       Count

Performance Statistics   2019-11-09 12:32:00 - 2019-11-09 12:33:00
Tag                                                  Avg(ms)         Min         Max     Std Dev       Count

Performance Statistics   2019-11-09 12:33:00 - 2019-11-09 12:34:00
Tag                                                  Avg(ms)         Min         Max     Std Dev       Count

Performance Statistics   2019-11-09 12:34:00 - 2019-11-09 12:35:00
Tag                                                  Avg(ms)         Min         Max     Std Dev       Count

Performance Statistics   2019-11-09 12:35:00 - 2019-11-09 12:36:00
Tag                                                  Avg(ms)         Min         Max     Std Dev       Count

Performance Statistics   2019-11-09 12:36:00 - 2019-11-09 12:37:00
Tag                                                  Avg(ms)         Min         Max     Std Dev       Count

Performance Statistics   2019-11-09 12:38:00 - 2019-11-09 12:39:00
Tag                                                  Avg(ms)         Min         Max     Std Dev       Count
AUTHENTICATE                                             6,5           0          13         6,5           2
CREATE_TICKET_GRANTING_TICKET                           10,5           1          20         9,5           2
GRANT_SERVICE_TICKET                                     1,0           0           2         1,0           2
VALIDATE_SERVICE_TICKET                                  3,5           0           7         3,5           2

Performance Statistics   2019-11-09 12:39:00 - 2019-11-09 12:40:00
Tag                                                  Avg(ms)         Min         Max     Std Dev       Count
AUTHENTICATE                                            12,0          12          12         0,0           1
CREATE_TICKET_GRANTING_TICKET                           17,0          17          17         0,0           1
GRANT_SERVICE_TICKET                                     3,0           3           3         0,0           1
VALIDATE_SERVICE_TICKET                                  7,0           7           7         0,0           1

Performance Statistics   2019-11-09 12:40:00 - 2019-11-09 12:41:00
Tag                                                  Avg(ms)         Min         Max     Std Dev       Count
AUTHENTICATE                                             0,0           0           0         0,0           1
CREATE_TICKET_GRANTING_TICKET                            1,0           1           1         0,0           1
GRANT_SERVICE_TICKET                                     0,0           0           0         0,0           1
VALIDATE_SERVICE_TICKET                                  0,0           0           0         0,0           1

Performance Statistics   2019-11-09 12:41:00 - 2019-11-09 12:42:00
Tag                                                  Avg(ms)         Min         Max     Std Dev       Count
AUTHENTICATE                                             0,3           0           1         0,5           3
CREATE_TICKET_GRANTING_TICKET                            1,0           1           1         0,0           3
GRANT_SERVICE_TICKET                                     0,3           0           1         0,5           3
VALIDATE_SERVICE_TICKET                                  0,3           0           1         0,5           3

Performance Statistics   2019-11-09 12:42:00 - 2019-11-09 12:43:00
Tag                                                  Avg(ms)         Min         Max     Std Dev       Count

Performance Statistics   2019-11-09 12:43:00 - 2019-11-09 12:44:00
Tag                                                  Avg(ms)         Min         Max     Std Dev       Count

Performance Statistics   2019-11-09 12:45:00 - 2019-11-09 12:46:00
Tag                                                  Avg(ms)         Min         Max     Std Dev       Count
AUTHENTICATE                                            11,0          11          11         0,0           1
CREATE_TICKET_GRANTING_TICKET                           18,0          18          18         0,0           1
GRANT_SERVICE_TICKET                                     3,0           3           3         0,0           1
VALIDATE_SERVICE_TICKET                                 13,0          13          13         0,0           1

Performance Statistics   2019-11-09 12:46:00 - 2019-11-09 12:47:00
Tag                                                  Avg(ms)         Min         Max     Std Dev       Count

Performance Statistics   2019-11-09 12:47:00 - 2019-11-09 12:48:00
Tag                                                  Avg(ms)         Min         Max     Std Dev       Count

Performance Statistics   2019-11-09 12:48:00 - 2019-11-09 12:49:00
Tag                                                  Avg(ms)         Min         Max     Std Dev       Count

Performance Statistics   2019-11-09 12:49:00 - 2019-11-09 12:50:00
Tag                                                  Avg(ms)         Min         Max     Std Dev       Count

Performance Statistics   2019-11-09 12:50:00 - 2019-11-09 12:51:00
Tag                                                  Avg(ms)         Min         Max     Std Dev       Count

Performance Statistics   2019-11-09 12:51:00 - 2019-11-09 12:52:00
Tag                                                  Avg(ms)         Min         Max     Std Dev       Count

Performance Statistics   2019-11-09 12:52:00 - 2019-11-09 12:53:00
Tag                                                  Avg(ms)         Min         Max     Std Dev       Count

Performance Statistics   2019-11-09 12:53:00 - 2019-11-09 12:54:00
Tag                                                  Avg(ms)         Min         Max     Std Dev       Count

Performance Statistics   2019-11-09 12:54:00 - 2019-11-09 12:55:00
Tag                                                  Avg(ms)         Min         Max     Std Dev       Count

Performance Statistics   2019-11-09 12:55:00 - 2019-11-09 12:56:00
Tag                                                  Avg(ms)         Min         Max     Std Dev       Count

Performance Statistics   2019-11-09 12:56:00 - 2019-11-09 12:57:00
Tag                                                  Avg(ms)         Min         Max     Std Dev       Count

Performance Statistics   2019-11-09 12:57:00 - 2019-11-09 12:58:00
Tag                                                  Avg(ms)         Min         Max     Std Dev       Count

Performance Statistics   2019-11-09 12:58:00 - 2019-11-09 12:59:00
Tag                                                  Avg(ms)         Min         Max     Std Dev       Count

Performance Statistics   2019-11-09 12:59:00 - 2019-11-09 13:00:00
Tag                                                  Avg(ms)         Min         Max     Std Dev       Count

Performance Statistics   2019-11-09 13:00:00 - 2019-11-09 13:01:00
Tag                                                  Avg(ms)         Min         Max     Std Dev       Count

Performance Statistics   2019-11-09 13:01:00 - 2019-11-09 13:02:00
Tag                                                  Avg(ms)         Min         Max     Std Dev       Count

Performance Statistics   2019-11-09 13:02:00 - 2019-11-09 13:03:00
Tag                                                  Avg(ms)         Min         Max     Std Dev       Count

Performance Statistics   2019-11-09 13:03:00 - 2019-11-09 13:04:00
Tag                                                  Avg(ms)         Min         Max     Std Dev       Count

Performance Statistics   2019-11-09 13:04:00 - 2019-11-09 13:05:00
Tag                                                  Avg(ms)         Min         Max     Std Dev       Count

Performance Statistics   2019-11-09 13:05:00 - 2019-11-09 13:06:00
Tag                                                  Avg(ms)         Min         Max     Std Dev       Count

Performance Statistics   2019-11-09 13:06:00 - 2019-11-09 13:07:00
Tag                                                  Avg(ms)         Min         Max     Std Dev       Count

Performance Statistics   2019-11-09 13:07:00 - 2019-11-09 13:08:00
Tag                                                  Avg(ms)         Min         Max     Std Dev       Count

Performance Statistics   2019-11-09 13:08:00 - 2019-11-09 13:09:00
Tag                                                  Avg(ms)         Min         Max     Std Dev       Count

Performance Statistics   2019-11-09 13:09:00 - 2019-11-09 13:10:00
Tag                                                  Avg(ms)         Min         Max     Std Dev       Count

Performance Statistics   2019-11-09 13:10:00 - 2019-11-09 13:11:00
Tag                                                  Avg(ms)         Min         Max     Std Dev       Count

Performance Statistics   2019-11-09 13:11:00 - 2019-11-09 13:12:00
Tag                                                  Avg(ms)         Min         Max     Std Dev       Count

Performance Statistics   2019-11-09 13:12:00 - 2019-11-09 13:13:00
Tag                                                  Avg(ms)         Min         Max     Std Dev       Count

Performance Statistics   2019-11-09 13:13:00 - 2019-11-09 13:14:00
Tag                                                  Avg(ms)         Min         Max     Std Dev       Count

Performance Statistics   2019-11-09 13:14:00 - 2019-11-09 13:15:00
Tag                                                  Avg(ms)         Min         Max     Std Dev       Count

Performance Statistics   2019-11-09 13:15:00 - 2019-11-09 13:16:00
Tag                                                  Avg(ms)         Min         Max     Std Dev       Count

Performance Statistics   2019-11-09 13:16:00 - 2019-11-09 13:17:00
Tag                                                  Avg(ms)         Min         Max     Std Dev       Count

Performance Statistics   2019-11-09 13:17:00 - 2019-11-09 13:18:00
Tag                                                  Avg(ms)         Min         Max     Std Dev       Count

Performance Statistics   2019-11-09 13:18:00 - 2019-11-09 13:19:00
Tag                                                  Avg(ms)         Min         Max     Std Dev       Count

Performance Statistics   2019-11-09 13:19:00 - 2019-11-09 13:20:00
Tag                                                  Avg(ms)         Min         Max     Std Dev       Count

Performance Statistics   2019-11-09 13:20:00 - 2019-11-09 13:21:00
Tag                                                  Avg(ms)         Min         Max     Std Dev       Count

Performance Statistics   2019-11-09 13:21:00 - 2019-11-09 13:22:00
Tag                                                  Avg(ms)         Min         Max     Std Dev       Count

Performance Statistics   2019-11-09 13:22:00 - 2019-11-09 13:23:00
Tag                                                  Avg(ms)         Min         Max     Std Dev       Count

Performance Statistics   2019-11-09 13:23:00 - 2019-11-09 13:24:00
Tag                                                  Avg(ms)         Min         Max     Std Dev       Count

Performance Statistics   2019-11-09 13:24:00 - 2019-11-09 13:25:00
Tag                                                  Avg(ms)         Min         Max     Std Dev       Count

Performance Statistics   2019-11-09 13:25:00 - 2019-11-09 13:26:00
Tag                                                  Avg(ms)         Min         Max     Std Dev       Count

Performance Statistics   2019-11-09 13:26:00 - 2019-11-09 13:27:00
Tag                                                  Avg(ms)         Min         Max     Std Dev       Count

Performance Statistics   2019-11-09 13:27:00 - 2019-11-09 13:28:00
Tag                                                  Avg(ms)         Min         Max     Std Dev       Count

Performance Statistics   2019-11-09 13:28:00 - 2019-11-09 13:29:00
Tag                                                  Avg(ms)         Min         Max     Std Dev       Count

Performance Statistics   2019-11-09 13:29:00 - 2019-11-09 13:30:00
Tag                                                  Avg(ms)         Min         Max     Std Dev       Count

Performance Statistics   2019-11-09 13:30:00 - 2019-11-09 13:31:00
Tag                                                  Avg(ms)         Min         Max     Std Dev       Count

Performance Statistics   2019-11-09 13:31:00 - 2019-11-09 13:32:00
Tag                                                  Avg(ms)         Min         Max     Std Dev       Count

Performance Statistics   2019-11-09 13:32:00 - 2019-11-09 13:33:00
Tag                                                  Avg(ms)         Min         Max     Std Dev       Count

Performance Statistics   2019-11-09 13:33:00 - 2019-11-09 13:34:00
Tag                                                  Avg(ms)         Min         Max     Std Dev       Count

Performance Statistics   2019-11-09 13:34:00 - 2019-11-09 13:35:00
Tag                                                  Avg(ms)         Min         Max     Std Dev       Count

Performance Statistics   2019-11-09 13:35:00 - 2019-11-09 13:36:00
Tag                                                  Avg(ms)         Min         Max     Std Dev       Count

Performance Statistics   2019-11-09 13:36:00 - 2019-11-09 13:37:00
Tag                                                  Avg(ms)         Min         Max     Std Dev       Count

Performance Statistics   2019-11-09 13:37:00 - 2019-11-09 13:38:00
Tag                                                  Avg(ms)         Min         Max     Std Dev       Count

Performance Statistics   2019-11-09 13:38:00 - 2019-11-09 13:39:00
Tag                                                  Avg(ms)         Min         Max     Std Dev       Count

Performance Statistics   2019-11-09 13:39:00 - 2019-11-09 13:40:00
Tag                                                  Avg(ms)         Min         Max     Std Dev       Count

Performance Statistics   2019-11-09 13:40:00 - 2019-11-09 13:41:00
Tag                                                  Avg(ms)         Min         Max     Std Dev       Count

Performance Statistics   2019-11-09 13:41:00 - 2019-11-09 13:42:00
Tag                                                  Avg(ms)         Min         Max     Std Dev       Count

Performance Statistics   2019-11-09 13:42:00 - 2019-11-09 13:43:00
Tag                                                  Avg(ms)         Min         Max     Std Dev       Count

Performance Statistics   2019-11-09 13:43:00 - 2019-11-09 13:44:00
Tag                                                  Avg(ms)         Min         Max     Std Dev       Count

Performance Statistics   2019-11-09 13:44:00 - 2019-11-09 13:45:00
Tag                                                  Avg(ms)         Min         Max     Std Dev       Count

Performance Statistics   2019-11-09 13:45:00 - 2019-11-09 13:46:00
Tag                                                  Avg(ms)         Min         Max     Std Dev       Count

Performance Statistics   2019-11-09 13:46:00 - 2019-11-09 13:47:00
Tag                                                  Avg(ms)         Min         Max     Std Dev       Count

Performance Statistics   2019-11-09 13:47:00 - 2019-11-09 13:48:00
Tag                                                  Avg(ms)         Min         Max     Std Dev       Count

Performance Statistics   2019-11-09 13:48:00 - 2019-11-09 13:49:00
Tag                                                  Avg(ms)         Min         Max     Std Dev       Count

Performance Statistics   2019-11-09 13:49:00 - 2019-11-09 13:50:00
Tag                                                  Avg(ms)         Min         Max     Std Dev       Count

Performance Statistics   2019-11-09 13:50:00 - 2019-11-09 13:51:00
Tag                                                  Avg(ms)         Min         Max     Std Dev       Count

Performance Statistics   2019-11-09 13:51:00 - 2019-11-09 13:52:00
Tag                                                  Avg(ms)         Min         Max     Std Dev       Count

Performance Statistics   2019-11-09 13:52:00 - 2019-11-09 13:53:00
Tag                                                  Avg(ms)         Min         Max     Std Dev       Count

Performance Statistics   2019-11-09 13:53:00 - 2019-11-09 13:54:00
Tag                                                  Avg(ms)         Min         Max     Std Dev       Count

Performance Statistics   2019-11-09 13:54:00 - 2019-11-09 13:55:00
Tag                                                  Avg(ms)         Min         Max     Std Dev       Count

Performance Statistics   2019-11-09 13:55:00 - 2019-11-09 13:56:00
Tag                                                  Avg(ms)         Min         Max     Std Dev       Count

Performance Statistics   2019-11-09 13:56:00 - 2019-11-09 13:57:00
Tag                                                  Avg(ms)         Min         Max     Std Dev       Count

Performance Statistics   2019-11-09 13:57:00 - 2019-11-09 13:58:00
Tag                                                  Avg(ms)         Min         Max     Std Dev       Count

Performance Statistics   2019-11-09 13:58:00 - 2019-11-09 13:59:00
Tag                                                  Avg(ms)         Min         Max     Std Dev       Count

Performance Statistics   2019-11-09 13:59:00 - 2019-11-09 14:00:00
Tag                                                  Avg(ms)         Min         Max     Std Dev       Count

Performance Statistics   2019-11-09 14:00:00 - 2019-11-09 14:01:00
Tag                                                  Avg(ms)         Min         Max     Std Dev       Count

Performance Statistics   2019-11-09 14:01:00 - 2019-11-09 14:02:00
Tag                                                  Avg(ms)         Min         Max     Std Dev       Count

Performance Statistics   2019-11-09 14:02:00 - 2019-11-09 14:03:00
Tag                                                  Avg(ms)         Min         Max     Std Dev       Count

Performance Statistics   2019-11-09 14:03:00 - 2019-11-09 14:04:00
Tag                                                  Avg(ms)         Min         Max     Std Dev       Count

Performance Statistics   2019-11-09 14:04:00 - 2019-11-09 14:05:00
Tag                                                  Avg(ms)         Min         Max     Std Dev       Count

Performance Statistics   2019-11-09 14:05:00 - 2019-11-09 14:06:00
Tag                                                  Avg(ms)         Min         Max     Std Dev       Count

Performance Statistics   2019-11-09 14:06:00 - 2019-11-09 14:07:00
Tag                                                  Avg(ms)         Min         Max     Std Dev       Count

Performance Statistics   2019-11-09 14:07:00 - 2019-11-09 14:08:00
Tag                                                  Avg(ms)         Min         Max     Std Dev       Count

Performance Statistics   2019-11-09 14:08:00 - 2019-11-09 14:09:00
Tag                                                  Avg(ms)         Min         Max     Std Dev       Count

Performance Statistics   2019-11-09 14:09:00 - 2019-11-09 14:10:00
Tag                                                  Avg(ms)         Min         Max     Std Dev       Count

Performance Statistics   2019-11-09 14:10:00 - 2019-11-09 14:11:00
Tag                                                  Avg(ms)         Min         Max     Std Dev       Count

Performance Statistics   2019-11-09 14:11:00 - 2019-11-09 14:12:00
Tag                                                  Avg(ms)         Min         Max     Std Dev       Count

Performance Statistics   2019-11-09 14:12:00 - 2019-11-09 14:13:00
Tag                                                  Avg(ms)         Min         Max     Std Dev       Count

Performance Statistics   2019-11-09 14:13:00 - 2019-11-09 14:14:00
Tag                                                  Avg(ms)         Min         Max     Std Dev       Count

Performance Statistics   2019-11-09 14:14:00 - 2019-11-09 14:15:00
Tag                                                  Avg(ms)         Min         Max     Std Dev       Count

Performance Statistics   2019-11-09 14:15:00 - 2019-11-09 14:16:00
Tag                                                  Avg(ms)         Min         Max     Std Dev       Count

Performance Statistics   2019-11-09 14:16:00 - 2019-11-09 14:17:00
Tag                                                  Avg(ms)         Min         Max     Std Dev       Count

Performance Statistics   2019-11-09 14:17:00 - 2019-11-09 14:18:00
Tag                                                  Avg(ms)         Min         Max     Std Dev       Count

Performance Statistics   2019-11-09 14:18:00 - 2019-11-09 14:19:00
Tag                                                  Avg(ms)         Min         Max     Std Dev       Count

Performance Statistics   2019-11-09 14:19:00 - 2019-11-09 14:20:00
Tag                                                  Avg(ms)         Min         Max     Std Dev       Count

Performance Statistics   2019-11-09 14:20:00 - 2019-11-09 14:21:00
Tag                                                  Avg(ms)         Min         Max     Std Dev       Count

Performance Statistics   2019-11-09 14:21:00 - 2019-11-09 14:22:00
Tag                                                  Avg(ms)         Min         Max     Std Dev       Count

Performance Statistics   2019-11-09 14:22:00 - 2019-11-09 14:23:00
Tag                                                  Avg(ms)         Min         Max     Std Dev       Count

Performance Statistics   2019-11-09 14:23:00 - 2019-11-09 14:24:00
Tag                                                  Avg(ms)         Min         Max     Std Dev       Count

Performance Statistics   2019-11-09 14:24:00 - 2019-11-09 14:25:00
Tag                                                  Avg(ms)         Min         Max     Std Dev       Count

Performance Statistics   2019-11-09 14:25:00 - 2019-11-09 14:26:00
Tag                                                  Avg(ms)         Min         Max     Std Dev       Count

Performance Statistics   2019-11-09 14:26:00 - 2019-11-09 14:27:00
Tag                                                  Avg(ms)         Min         Max     Std Dev       Count

Performance Statistics   2019-11-09 14:27:00 - 2019-11-09 14:28:00
Tag                                                  Avg(ms)         Min         Max     Std Dev       Count

Performance Statistics   2019-11-09 14:28:00 - 2019-11-09 14:29:00
Tag                                                  Avg(ms)         Min         Max     Std Dev       Count

Performance Statistics   2019-11-09 14:29:00 - 2019-11-09 14:30:00
Tag                                                  Avg(ms)         Min         Max     Std Dev       Count

Performance Statistics   2019-11-09 14:30:00 - 2019-11-09 14:31:00
Tag                                                  Avg(ms)         Min         Max     Std Dev       Count

Performance Statistics   2019-11-09 14:31:00 - 2019-11-09 14:32:00
Tag                                                  Avg(ms)         Min         Max     Std Dev       Count

Performance Statistics   2019-11-09 14:32:00 - 2019-11-09 14:33:00
Tag                                                  Avg(ms)         Min         Max     Std Dev       Count

Performance Statistics   2019-11-09 14:33:00 - 2019-11-09 14:34:00
Tag                                                  Avg(ms)         Min         Max     Std Dev       Count

Performance Statistics   2019-11-09 14:34:00 - 2019-11-09 14:35:00
Tag                                                  Avg(ms)         Min         Max     Std Dev       Count

Performance Statistics   2019-11-09 14:35:00 - 2019-11-09 14:36:00
Tag                                                  Avg(ms)         Min         Max     Std Dev       Count

Performance Statistics   2019-11-09 14:36:00 - 2019-11-09 14:37:00
Tag                                                  Avg(ms)         Min         Max     Std Dev       Count

Performance Statistics   2019-11-09 14:37:00 - 2019-11-09 14:38:00
Tag                                                  Avg(ms)         Min         Max     Std Dev       Count

Performance Statistics   2019-11-09 14:38:00 - 2019-11-09 14:39:00
Tag                                                  Avg(ms)         Min         Max     Std Dev       Count

Performance Statistics   2019-11-09 14:39:00 - 2019-11-09 14:40:00
Tag                                                  Avg(ms)         Min         Max     Std Dev       Count

Performance Statistics   2019-11-09 14:40:00 - 2019-11-09 14:41:00
Tag                                                  Avg(ms)         Min         Max     Std Dev       Count

Performance Statistics   2019-11-09 14:41:00 - 2019-11-09 14:42:00
Tag                                                  Avg(ms)         Min         Max     Std Dev       Count

Performance Statistics   2019-11-09 14:42:00 - 2019-11-09 14:43:00
Tag                                                  Avg(ms)         Min         Max     Std Dev       Count

Performance Statistics   2019-11-09 14:43:00 - 2019-11-09 14:44:00
Tag                                                  Avg(ms)         Min         Max     Std Dev       Count

Performance Statistics   2019-11-09 14:44:00 - 2019-11-09 14:45:00
Tag                                                  Avg(ms)         Min         Max     Std Dev       Count

Performance Statistics   2019-11-09 14:45:00 - 2019-11-09 14:46:00
Tag                                                  Avg(ms)         Min         Max     Std Dev       Count

Performance Statistics   2019-11-09 14:46:00 - 2019-11-09 14:47:00
Tag                                                  Avg(ms)         Min         Max     Std Dev       Count

Performance Statistics   2019-11-09 14:47:00 - 2019-11-09 14:48:00
Tag                                                  Avg(ms)         Min         Max     Std Dev       Count

Performance Statistics   2019-11-09 14:48:00 - 2019-11-09 14:49:00
Tag                                                  Avg(ms)         Min         Max     Std Dev       Count

Performance Statistics   2019-11-09 14:49:00 - 2019-11-09 14:50:00
Tag                                                  Avg(ms)         Min         Max     Std Dev       Count

Performance Statistics   2019-11-09 14:50:00 - 2019-11-09 14:51:00
Tag                                                  Avg(ms)         Min         Max     Std Dev       Count

Performance Statistics   2019-11-09 14:51:00 - 2019-11-09 14:52:00
Tag                                                  Avg(ms)         Min         Max     Std Dev       Count

Performance Statistics   2019-11-09 14:52:00 - 2019-11-09 14:53:00
Tag                                                  Avg(ms)         Min         Max     Std Dev       Count

Performance Statistics   2019-11-09 14:53:00 - 2019-11-09 14:54:00
Tag                                                  Avg(ms)         Min         Max     Std Dev       Count

Performance Statistics   2019-11-09 14:54:00 - 2019-11-09 14:55:00
Tag                                                  Avg(ms)         Min         Max     Std Dev       Count

Performance Statistics   2019-11-09 14:55:00 - 2019-11-09 14:56:00
Tag                                                  Avg(ms)         Min         Max     Std Dev       Count

Performance Statistics   2019-11-09 14:56:00 - 2019-11-09 14:57:00
Tag                                                  Avg(ms)         Min         Max     Std Dev       Count

Performance Statistics   2019-11-09 14:57:00 - 2019-11-09 14:58:00
Tag                                                  Avg(ms)         Min         Max     Std Dev       Count

Performance Statistics   2019-11-09 14:58:00 - 2019-11-09 14:59:00
Tag                                                  Avg(ms)         Min         Max     Std Dev       Count

Performance Statistics   2019-11-09 14:59:00 - 2019-11-09 15:00:00
Tag                                                  Avg(ms)         Min         Max     Std Dev       Count

Performance Statistics   2019-11-09 15:00:00 - 2019-11-09 15:01:00
Tag                                                  Avg(ms)         Min         Max     Std Dev       Count

Performance Statistics   2019-11-09 15:01:00 - 2019-11-09 15:02:00
Tag                                                  Avg(ms)         Min         Max     Std Dev       Count

Performance Statistics   2019-11-09 15:02:00 - 2019-11-09 15:03:00
Tag                                                  Avg(ms)         Min         Max     Std Dev       Count

Performance Statistics   2019-11-09 15:03:00 - 2019-11-09 15:04:00
Tag                                                  Avg(ms)         Min         Max     Std Dev       Count

Performance Statistics   2019-11-09 15:04:00 - 2019-11-09 15:05:00
Tag                                                  Avg(ms)         Min         Max     Std Dev       Count

Performance Statistics   2019-11-09 15:05:00 - 2019-11-09 15:06:00
Tag                                                  Avg(ms)         Min         Max     Std Dev       Count

Performance Statistics   2019-11-09 15:06:00 - 2019-11-09 15:07:00
Tag                                                  Avg(ms)         Min         Max     Std Dev       Count

Performance Statistics   2019-11-09 15:07:00 - 2019-11-09 15:08:00
Tag                                                  Avg(ms)         Min         Max     Std Dev       Count

Performance Statistics   2019-11-09 15:08:00 - 2019-11-09 15:09:00
Tag                                                  Avg(ms)         Min         Max     Std Dev       Count

Performance Statistics   2019-11-09 15:09:00 - 2019-11-09 15:10:00
Tag                                                  Avg(ms)         Min         Max     Std Dev       Count

Performance Statistics   2019-11-09 15:10:00 - 2019-11-09 15:11:00
Tag                                                  Avg(ms)         Min         Max     Std Dev       Count

Performance Statistics   2019-11-09 15:11:00 - 2019-11-09 15:12:00
Tag                                                  Avg(ms)         Min         Max     Std Dev       Count

Performance Statistics   2019-11-09 15:12:00 - 2019-11-09 15:13:00
Tag                                                  Avg(ms)         Min         Max     Std Dev       Count

Performance Statistics   2019-11-09 15:13:00 - 2019-11-09 15:14:00
Tag                                                  Avg(ms)         Min         Max     Std Dev       Count

Performance Statistics   2019-11-09 15:14:00 - 2019-11-09 15:15:00
Tag                                                  Avg(ms)         Min         Max     Std Dev       Count

Performance Statistics   2019-11-09 15:15:00 - 2019-11-09 15:16:00
Tag                                                  Avg(ms)         Min         Max     Std Dev       Count

Performance Statistics   2019-11-09 15:16:00 - 2019-11-09 15:17:00
Tag                                                  Avg(ms)         Min         Max     Std Dev       Count

Performance Statistics   2019-11-09 15:17:00 - 2019-11-09 15:18:00
Tag                                                  Avg(ms)         Min         Max     Std Dev       Count

Performance Statistics   2019-11-09 15:18:00 - 2019-11-09 15:19:00
Tag                                                  Avg(ms)         Min         Max     Std Dev       Count

Performance Statistics   2019-11-09 15:19:00 - 2019-11-09 15:20:00
Tag                                                  Avg(ms)         Min         Max     Std Dev       Count

Performance Statistics   2019-11-09 15:20:00 - 2019-11-09 15:21:00
Tag                                                  Avg(ms)         Min         Max     Std Dev       Count

Performance Statistics   2019-11-09 15:21:00 - 2019-11-09 15:22:00
Tag                                                  Avg(ms)         Min         Max     Std Dev       Count

Performance Statistics   2019-11-09 15:22:00 - 2019-11-09 15:23:00
Tag                                                  Avg(ms)         Min         Max     Std Dev       Count

Performance Statistics   2019-11-09 15:23:00 - 2019-11-09 15:24:00
Tag                                                  Avg(ms)         Min         Max     Std Dev       Count

Performance Statistics   2019-11-09 15:24:00 - 2019-11-09 15:25:00
Tag                                                  Avg(ms)         Min         Max     Std Dev       Count

Performance Statistics   2019-11-09 15:25:00 - 2019-11-09 15:26:00
Tag                                                  Avg(ms)         Min         Max     Std Dev       Count

